<?xml version="1.0" encoding="UTF-8"?>
<!-- Generated by org.testng.reporters.JUnitReportReporter -->
<testsuite hostname="DESKTOP-TF76SV6" name="Locaters.CountRadioButtons" tests="1" failures="0" timestamp="11 Apr 2022 11:39:06 GMT" time="3.639" errors="0">
  <testcase name="IdDemo" time="3.639" classname="Locaters.CountRadioButtons"/>
</testsuite> <!-- Locaters.CountRadioButtons -->
