<?xml version="1.0" encoding="UTF-8"?>
<!-- Generated by org.testng.reporters.JUnitReportReporter -->
<testsuite hostname="DESKTOP-TF76SV6" name="Locaters.XpathExampleHRM" tests="1" failures="0" timestamp="11 Apr 2022 07:00:40 GMT" time="13.986" errors="0">
  <testcase name="IdDemo" time="13.986" classname="Locaters.XpathExampleHRM"/>
</testsuite> <!-- Locaters.XpathExampleHRM -->
