<?xml version="1.0" encoding="UTF-8"?>
<!-- Generated by org.testng.reporters.JUnitReportReporter -->
<testsuite hostname="DESKTOP-TF76SV6" name="Locaters.IDExample" tests="1" failures="0" timestamp="11 Apr 2022 06:08:05 GMT" time="7.819" errors="0">
  <testcase name="IdDemo" time="7.819" classname="Locaters.IDExample"/>
</testsuite> <!-- Locaters.IDExample -->
