<?xml version="1.0" encoding="UTF-8"?>
<!-- Generated by org.testng.reporters.JUnitReportReporter -->
<testsuite hostname="DESKTOP-TF76SV6" name="Locaters.AlertExample" tests="1" failures="0" timestamp="11 Apr 2022 10:58:49 GMT" time="14.191" errors="0">
  <testcase name="IdDemo" time="14.191" classname="Locaters.AlertExample"/>
</testsuite> <!-- Locaters.AlertExample -->
