<?xml version="1.0" encoding="UTF-8"?>
<!-- Generated by org.testng.reporters.JUnitReportReporter -->
<testsuite hostname="DESKTOP-TF76SV6" name="Locaters.XpathExample" tests="1" failures="0" timestamp="11 Apr 2022 07:01:15 GMT" time="3.300" errors="0">
  <testcase name="IdDemo" time="3.300" classname="Locaters.XpathExample"/>
</testsuite> <!-- Locaters.XpathExample -->
